2022-05-17 10:18:25,083 INFO             [main] org.springframework.boot.StartupInfoLogger                                                   : Starting CuteCutAppApplication using Java 17.0.2 on LAPTOP-RFFHQF0H with PID 27628 (C:\Users\Sirojiddin\Documents\cute-cut-app\target\classes started by Sirojiddin in C:\Users\Sirojiddin\Documents\cute-cut-app)
2022-05-17 10:18:25,080 INFO             [background-preinit] org.hibernate.validator.internal.util.Version                                  : HV000001: Hibernate Validator 6.2.3.Final
2022-05-17 10:18:25,088 INFO             [main] org.springframework.boot.SpringApplication                                                   : No active profile set, falling back to 1 default profile: "default"
2022-05-17 10:18:26,722 INFO             [main] org.springframework.data.repository.config.RepositoryConfigurationDelegate                   : Bootstrapping Spring Data JPA repositories in DEFAULT mode.
2022-05-17 10:18:26,854 INFO             [main] org.springframework.data.repository.config.RepositoryConfigurationDelegate                   : Finished Spring Data repository scanning in 121 ms. Found 9 JPA repository interfaces.
2022-05-17 10:18:27,387 INFO             [main] org.springframework.boot.web.embedded.tomcat.TomcatWebServer                                 : Tomcat initialized with port(s): 8080 (http)
2022-05-17 10:18:27,396 INFO             [main] org.apache.juli.logging.DirectJDKLog                                                         : Initializing ProtocolHandler ["http-nio-8080"]
2022-05-17 10:18:27,397 INFO             [main] org.apache.juli.logging.DirectJDKLog                                                         : Starting service [Tomcat]
2022-05-17 10:18:27,397 INFO             [main] org.apache.juli.logging.DirectJDKLog                                                         : Starting Servlet engine: [Apache Tomcat/9.0.62]
2022-05-17 10:18:27,536 INFO             [main] org.apache.juli.logging.DirectJDKLog                                                         : Initializing Spring embedded WebApplicationContext
2022-05-17 10:18:27,536 INFO             [main] org.springframework.boot.web.servlet.context.ServletWebServerApplicationContext              : Root WebApplicationContext: initialization completed in 2376 ms
2022-05-17 10:18:27,722 INFO             [main] org.hibernate.jpa.internal.util.LogHelper                                                    : HHH000204: Processing PersistenceUnitInfo [name: default]
2022-05-17 10:18:27,780 INFO             [main] org.hibernate.Version                                                                        : HHH000412: Hibernate ORM core version 5.6.8.Final
2022-05-17 10:18:27,926 INFO             [main] org.hibernate.annotations.common.reflection.java.JavaReflectionManager                       : HCANN000001: Hibernate Commons Annotations {5.1.2.Final}
2022-05-17 10:18:28,023 INFO             [main] com.zaxxer.hikari.HikariDataSource                                                           : HikariPool-1 - Starting...
2022-05-17 10:18:28,458 INFO             [main] com.zaxxer.hikari.HikariDataSource                                                           : HikariPool-1 - Start completed.
2022-05-17 10:18:28,483 INFO             [main] org.hibernate.dialect.Dialect                                                                : HHH000400: Using dialect: org.hibernate.dialect.PostgreSQL10Dialect
2022-05-17 10:18:29,346 WARN             [main] org.hibernate.engine.jdbc.spi.SqlExceptionHelper$StandardWarningHandler                      : SQL Warning Code: 0, SQLState: 00000
2022-05-17 10:18:29,346 WARN             [main] org.hibernate.engine.jdbc.spi.SqlExceptionHelper$StandardWarningHandler                      : drop cascades to 5 other objects
2022-05-17 10:18:29,370 WARN             [main] org.hibernate.engine.jdbc.spi.SqlExceptionHelper$StandardWarningHandler                      : SQL Warning Code: 0, SQLState: 00000
2022-05-17 10:18:29,371 WARN             [main] org.hibernate.engine.jdbc.spi.SqlExceptionHelper$StandardWarningHandler                      : drop cascades to constraint fk4yhosrfnbplxs5qhri6jih2hd on table orders_notification
2022-05-17 10:18:29,378 WARN             [main] org.hibernate.engine.jdbc.spi.SqlExceptionHelper$StandardWarningHandler                      : SQL Warning Code: 0, SQLState: 00000
2022-05-17 10:18:29,378 WARN             [main] org.hibernate.engine.jdbc.spi.SqlExceptionHelper$StandardWarningHandler                      : drop cascades to constraint fk85amqvsl9l64x78it0yiu9p33 on table orders_notification
2022-05-17 10:18:29,385 WARN             [main] org.hibernate.engine.jdbc.spi.SqlExceptionHelper$StandardWarningHandler                      : SQL Warning Code: 0, SQLState: 00000
2022-05-17 10:18:29,385 WARN             [main] org.hibernate.engine.jdbc.spi.SqlExceptionHelper$StandardWarningHandler                      : drop cascades to constraint fk9q8fdenwsqjwrjfivd5ovv5k3 on table users
2022-05-17 10:18:29,575 INFO             [main] org.hibernate.engine.transaction.jta.platform.internal.JtaPlatformInitiator                  : HHH000490: Using JtaPlatform implementation: [org.hibernate.engine.transaction.jta.platform.internal.NoJtaPlatform]
2022-05-17 10:18:29,591 INFO             [main] org.springframework.orm.jpa.AbstractEntityManagerFactoryBean                                 : Initialized JPA EntityManagerFactory for persistence unit 'default'
2022-05-17 10:18:30,293 WARN             [main] org.springframework.boot.autoconfigure.orm.jpa.JpaBaseConfiguration$JpaWebConfiguration      : spring.jpa.open-in-view is enabled by default. Therefore, database queries may be performed during view rendering. Explicitly configure spring.jpa.open-in-view to disable this warning
2022-05-17 10:18:30,628 INFO             [main] org.springframework.security.web.DefaultSecurityFilterChain                                  : Will secure any request with [org.springframework.security.web.context.request.async.WebAsyncManagerIntegrationFilter@a08e41b, org.springframework.security.web.context.SecurityContextPersistenceFilter@396c1228, org.springframework.security.web.header.HeaderWriterFilter@22c4354d, org.springframework.security.web.authentication.logout.LogoutFilter@510bd87a, uz.pdp.cutecutapp.config.security.filters.CustomAuthorizationFilter@e08d871, uz.pdp.cutecutapp.config.security.filters.CustomAuthenticationFilter@4ebb7bab, org.springframework.security.web.savedrequest.RequestCacheAwareFilter@7f584d0c, org.springframework.security.web.servletapi.SecurityContextHolderAwareRequestFilter@5ef7ae2f, org.springframework.security.web.authentication.AnonymousAuthenticationFilter@33845e3d, org.springframework.security.web.session.SessionManagementFilter@41f5389f, org.springframework.security.web.access.ExceptionTranslationFilter@7304ca87, org.springframework.security.web.access.intercept.FilterSecurityInterceptor@be9cc86]
2022-05-17 10:18:31,808 INFO             [main] org.apache.juli.logging.DirectJDKLog                                                         : Starting ProtocolHandler ["http-nio-8080"]
2022-05-17 10:18:31,815 WARN             [main] org.springframework.context.support.AbstractApplicationContext                               : Exception encountered during context initialization - cancelling refresh attempt: org.springframework.context.ApplicationContextException: Failed to start bean 'webServerStartStop'; nested exception is org.springframework.boot.web.server.PortInUseException: Port 8080 is already in use
2022-05-17 10:18:31,821 INFO             [main] org.springframework.orm.jpa.AbstractEntityManagerFactoryBean                                 : Closing JPA EntityManagerFactory for persistence unit 'default'
2022-05-17 10:18:31,823 INFO             [main] org.hibernate.tool.schema.internal.SchemaDropperImpl$DelayedDropActionImpl                   : HHH000477: Starting delayed evictData of schema as part of SessionFactory shut-down'
2022-05-17 10:18:31,872 INFO             [main] com.zaxxer.hikari.HikariDataSource                                                           : HikariPool-1 - Shutdown initiated...
2022-05-17 10:18:31,878 INFO             [main] com.zaxxer.hikari.HikariDataSource                                                           : HikariPool-1 - Shutdown completed.
2022-05-17 10:18:31,881 INFO             [main] org.apache.juli.logging.DirectJDKLog                                                         : Pausing ProtocolHandler ["http-nio-8080"]
2022-05-17 10:18:31,882 INFO             [main] org.apache.juli.logging.DirectJDKLog                                                         : Stopping service [Tomcat]
2022-05-17 10:18:31,890 INFO             [main] org.apache.juli.logging.DirectJDKLog                                                         : Stopping ProtocolHandler ["http-nio-8080"]
2022-05-17 10:18:31,891 INFO             [main] org.apache.juli.logging.DirectJDKLog                                                         : Destroying ProtocolHandler ["http-nio-8080"]
2022-05-17 10:18:31,902 INFO             [main] org.springframework.boot.autoconfigure.logging.ConditionEvaluationReportLoggingListener      : 

Error starting ApplicationContext. To display the conditions report re-run your application with 'debug' enabled.
2022-05-17 10:18:31,920 ERROR            [main] org.springframework.boot.diagnostics.LoggingFailureAnalysisReporter                          : 

***************************
APPLICATION FAILED TO START
***************************

Description:

Web server failed to start. Port 8080 was already in use.

Action:

Identify and stop the process that's listening on port 8080 or configure this application to listen on another port.

2022-05-17 10:19:01,334 INFO             [background-preinit] org.hibernate.validator.internal.util.Version                                  : HV000001: Hibernate Validator 6.2.3.Final
2022-05-17 10:19:01,338 INFO             [main] org.springframework.boot.StartupInfoLogger                                                   : Starting CuteCutAppApplication using Java 17.0.2 on LAPTOP-RFFHQF0H with PID 27600 (C:\Users\Sirojiddin\Documents\cute-cut-app\target\classes started by Sirojiddin in C:\Users\Sirojiddin\Documents\cute-cut-app)
2022-05-17 10:19:01,339 INFO             [main] org.springframework.boot.SpringApplication                                                   : No active profile set, falling back to 1 default profile: "default"
2022-05-17 10:19:02,452 INFO             [main] org.springframework.data.repository.config.RepositoryConfigurationDelegate                   : Bootstrapping Spring Data JPA repositories in DEFAULT mode.
2022-05-17 10:19:02,596 INFO             [main] org.springframework.data.repository.config.RepositoryConfigurationDelegate                   : Finished Spring Data repository scanning in 134 ms. Found 9 JPA repository interfaces.
2022-05-17 10:19:03,240 INFO             [main] org.springframework.boot.web.embedded.tomcat.TomcatWebServer                                 : Tomcat initialized with port(s): 8080 (http)
2022-05-17 10:19:03,276 INFO             [main] org.apache.juli.logging.DirectJDKLog                                                         : Initializing ProtocolHandler ["http-nio-8080"]
2022-05-17 10:19:03,279 INFO             [main] org.apache.juli.logging.DirectJDKLog                                                         : Starting service [Tomcat]
2022-05-17 10:19:03,280 INFO             [main] org.apache.juli.logging.DirectJDKLog                                                         : Starting Servlet engine: [Apache Tomcat/9.0.62]
2022-05-17 10:19:03,618 INFO             [main] org.apache.juli.logging.DirectJDKLog                                                         : Initializing Spring embedded WebApplicationContext
2022-05-17 10:19:03,620 INFO             [main] org.springframework.boot.web.servlet.context.ServletWebServerApplicationContext              : Root WebApplicationContext: initialization completed in 2222 ms
2022-05-17 10:19:03,862 INFO             [main] org.hibernate.jpa.internal.util.LogHelper                                                    : HHH000204: Processing PersistenceUnitInfo [name: default]
2022-05-17 10:19:03,913 INFO             [main] org.hibernate.Version                                                                        : HHH000412: Hibernate ORM core version 5.6.8.Final
2022-05-17 10:19:04,025 INFO             [main] org.hibernate.annotations.common.reflection.java.JavaReflectionManager                       : HCANN000001: Hibernate Commons Annotations {5.1.2.Final}
2022-05-17 10:19:04,124 INFO             [main] com.zaxxer.hikari.HikariDataSource                                                           : HikariPool-1 - Starting...
2022-05-17 10:19:04,300 INFO             [main] com.zaxxer.hikari.HikariDataSource                                                           : HikariPool-1 - Start completed.
2022-05-17 10:19:04,321 INFO             [main] org.hibernate.dialect.Dialect                                                                : HHH000400: Using dialect: org.hibernate.dialect.PostgreSQL10Dialect
2022-05-17 10:19:05,099 WARN             [main] org.hibernate.engine.jdbc.spi.SqlExceptionHelper$StandardWarningHandler                      : SQL Warning Code: 0, SQLState: 00000
2022-05-17 10:19:05,100 WARN             [main] org.hibernate.engine.jdbc.spi.SqlExceptionHelper$StandardWarningHandler                      : table "auth_user" does not exist, skipping
2022-05-17 10:19:05,102 WARN             [main] org.hibernate.engine.jdbc.spi.SqlExceptionHelper$StandardWarningHandler                      : SQL Warning Code: 0, SQLState: 00000
2022-05-17 10:19:05,103 WARN             [main] org.hibernate.engine.jdbc.spi.SqlExceptionHelper$StandardWarningHandler                      : table "barber_shop" does not exist, skipping
2022-05-17 10:19:05,105 WARN             [main] org.hibernate.engine.jdbc.spi.SqlExceptionHelper$StandardWarningHandler                      : SQL Warning Code: 0, SQLState: 00000
2022-05-17 10:19:05,106 WARN             [main] org.hibernate.engine.jdbc.spi.SqlExceptionHelper$StandardWarningHandler                      : table "device" does not exist, skipping
2022-05-17 10:19:05,108 WARN             [main] org.hibernate.engine.jdbc.spi.SqlExceptionHelper$StandardWarningHandler                      : SQL Warning Code: 0, SQLState: 00000
2022-05-17 10:19:05,109 WARN             [main] org.hibernate.engine.jdbc.spi.SqlExceptionHelper$StandardWarningHandler                      : table "faq" does not exist, skipping
2022-05-17 10:19:05,111 WARN             [main] org.hibernate.engine.jdbc.spi.SqlExceptionHelper$StandardWarningHandler                      : SQL Warning Code: 0, SQLState: 00000
2022-05-17 10:19:05,112 WARN             [main] org.hibernate.engine.jdbc.spi.SqlExceptionHelper$StandardWarningHandler                      : table "favorites" does not exist, skipping
2022-05-17 10:19:05,114 WARN             [main] org.hibernate.engine.jdbc.spi.SqlExceptionHelper$StandardWarningHandler                      : SQL Warning Code: 0, SQLState: 00000
2022-05-17 10:19:05,115 WARN             [main] org.hibernate.engine.jdbc.spi.SqlExceptionHelper$StandardWarningHandler                      : table "notification" does not exist, skipping
2022-05-17 10:19:05,116 WARN             [main] org.hibernate.engine.jdbc.spi.SqlExceptionHelper$StandardWarningHandler                      : SQL Warning Code: 0, SQLState: 00000
2022-05-17 10:19:05,117 WARN             [main] org.hibernate.engine.jdbc.spi.SqlExceptionHelper$StandardWarningHandler                      : table "orders" does not exist, skipping
2022-05-17 10:19:05,119 WARN             [main] org.hibernate.engine.jdbc.spi.SqlExceptionHelper$StandardWarningHandler                      : SQL Warning Code: 0, SQLState: 00000
2022-05-17 10:19:05,120 WARN             [main] org.hibernate.engine.jdbc.spi.SqlExceptionHelper$StandardWarningHandler                      : table "organization" does not exist, skipping
2022-05-17 10:19:05,123 WARN             [main] org.hibernate.engine.jdbc.spi.SqlExceptionHelper$StandardWarningHandler                      : SQL Warning Code: 0, SQLState: 00000
2022-05-17 10:19:05,124 WARN             [main] org.hibernate.engine.jdbc.spi.SqlExceptionHelper$StandardWarningHandler                      : table "service" does not exist, skipping
2022-05-17 10:19:05,126 WARN             [main] org.hibernate.engine.jdbc.spi.SqlExceptionHelper$StandardWarningHandler                      : SQL Warning Code: 0, SQLState: 00000
2022-05-17 10:19:05,127 WARN             [main] org.hibernate.engine.jdbc.spi.SqlExceptionHelper$StandardWarningHandler                      : table "uploads" does not exist, skipping
2022-05-17 10:19:05,388 INFO             [main] org.hibernate.engine.transaction.jta.platform.internal.JtaPlatformInitiator                  : HHH000490: Using JtaPlatform implementation: [org.hibernate.engine.transaction.jta.platform.internal.NoJtaPlatform]
2022-05-17 10:19:05,414 INFO             [main] org.springframework.orm.jpa.AbstractEntityManagerFactoryBean                                 : Initialized JPA EntityManagerFactory for persistence unit 'default'
2022-05-17 10:19:06,126 WARN             [main] org.springframework.boot.autoconfigure.orm.jpa.JpaBaseConfiguration$JpaWebConfiguration      : spring.jpa.open-in-view is enabled by default. Therefore, database queries may be performed during view rendering. Explicitly configure spring.jpa.open-in-view to disable this warning
2022-05-17 10:19:06,417 INFO             [main] org.springframework.security.web.DefaultSecurityFilterChain                                  : Will secure any request with [org.springframework.security.web.context.request.async.WebAsyncManagerIntegrationFilter@2941631f, org.springframework.security.web.context.SecurityContextPersistenceFilter@40d04cf8, org.springframework.security.web.header.HeaderWriterFilter@73905dff, org.springframework.security.web.authentication.logout.LogoutFilter@1ba98508, uz.pdp.cutecutapp.config.security.filters.CustomAuthorizationFilter@6130a6f5, uz.pdp.cutecutapp.config.security.filters.CustomAuthenticationFilter@3fb0d9de, org.springframework.security.web.savedrequest.RequestCacheAwareFilter@152d2a58, org.springframework.security.web.servletapi.SecurityContextHolderAwareRequestFilter@7c07023, org.springframework.security.web.authentication.AnonymousAuthenticationFilter@8ad6d29, org.springframework.security.web.session.SessionManagementFilter@5d67bf4d, org.springframework.security.web.access.ExceptionTranslationFilter@5400db7e, org.springframework.security.web.access.intercept.FilterSecurityInterceptor@75df4b1d]
2022-05-17 10:19:07,623 INFO             [main] org.apache.juli.logging.DirectJDKLog                                                         : Starting ProtocolHandler ["http-nio-8080"]
2022-05-17 10:19:07,667 INFO             [main] org.springframework.boot.web.embedded.tomcat.TomcatWebServer                                 : Tomcat started on port(s): 8080 (http) with context path ''
2022-05-17 10:19:07,686 INFO             [main] org.springframework.boot.StartupInfoLogger                                                   : Started CuteCutAppApplication in 6.815 seconds (JVM running for 7.753)
2022-05-17 10:26:41,301 WARN             [HikariPool-1 housekeeper] com.zaxxer.hikari.pool.HikariPool$HouseKeeper                            : HikariPool-1 - Thread starvation or clock leap detected (housekeeper delta=1m36s831ms780µs700ns).
2022-05-17 10:42:34,331 WARN             [HikariPool-1 housekeeper] com.zaxxer.hikari.pool.HikariPool$HouseKeeper                            : HikariPool-1 - Thread starvation or clock leap detected (housekeeper delta=2m52s869ms496µs300ns).
2022-05-17 11:01:13,044 INFO             [SpringApplicationShutdownHook] org.springframework.orm.jpa.AbstractEntityManagerFactoryBean        : Closing JPA EntityManagerFactory for persistence unit 'default'
2022-05-17 11:01:13,062 INFO             gApplicationShutdownHook] org.hibernate.tool.schema.internal.SchemaDropperImpl$DelayedDropActionImpl: HHH000477: Starting delayed evictData of schema as part of SessionFactory shut-down'
2022-05-17 11:01:13,149 INFO             [SpringApplicationShutdownHook] com.zaxxer.hikari.HikariDataSource                                  : HikariPool-1 - Shutdown initiated...
2022-05-17 11:01:13,156 INFO             [SpringApplicationShutdownHook] com.zaxxer.hikari.HikariDataSource                                  : HikariPool-1 - Shutdown completed.
